Arguments: 
  C:\Program Files\nodejs\node.exe C:\Users\tahsi\AppData\Roaming\npm\node_modules\yarn\bin\yarn.js add -D typscript ts-node-dev @types/cors @types/express @types/node

PATH: 
  C:\Users\tahsi\bin;C:\Program Files\Git\mingw64\bin;C:\Program Files\Git\usr\local\bin;C:\Program Files\Git\usr\bin;C:\Program Files\Git\usr\bin;C:\Program Files\Git\mingw64\bin;C:\Program Files\Git\usr\bin;C:\Users\tahsi\bin;C:\Windows\system32;C:\Windows;C:\Windows\System32\Wbem;C:\Windows\System32\WindowsPowerShell\v1.0;C:\Windows\System32\OpenSSH;C:\Program Files (x86)\NVIDIA Corporation\PhysX\Common;C:\WINDOWS\system32;C:\WINDOWS;C:\WINDOWS\System32\Wbem;C:\WINDOWS\System32\WindowsPowerShell\v1.0;C:\WINDOWS\System32\OpenSSH;C:\Program Files\Git\cmd;C:\Program Files\NVIDIA Corporation\NVIDIA NvDLISR;C:\Program Files\CodeBlocks\MinGW\bin;C:\msys64\mingw64\bin;C:\MinGW\bin;C:\MinGW\msys\1.0\bin;C:\ProgramData\chocolatey\bin;C:\Program Files\Docker\Docker\resources\bin;C:\Program Files\Graphviz\bin;C:\Program Files\Graphviz\bin\dot.exe;D:\Python311\Scripts;D:\Python311;%NVM_HOME%;%NVM_SYMLINK%;C:\Users\tahsi\AppData\Local\Microsoft\WindowsApps;C:\Users\tahsi\AppData\Roaming\npm;D:\Microsoft VS Code\bin;C:\Users\tahsi\AppData\Local\Programs\oh-my-posh\bin;C:\Users\tahsi\AppData\Local\Programs\mongosh;C:\Program Files\JetBrains\PyCharm Community Edition 2022.3.1\bin;C:\Program Files\Graphviz\bin;C:\ffmpeg-master-latest-win64-gpl\bin;C:\Users\tahsi\AppData\Roaming\nvm;C:\Program Files\nodejs;C:\Program Files\Git\usr\bin\vendor_perl;C:\Program Files\Git\usr\bin\core_perl

Yarn version: 
  1.22.19

Node version: 
  20.12.2

Platform: 
  win32 x64

Trace: 
  Error: https://registry.yarnpkg.com/typscript: Not found
      at params.callback [as _callback] (C:\Users\tahsi\AppData\Roaming\npm\node_modules\yarn\lib\cli.js:66145:18)
      at self.callback (C:\Users\tahsi\AppData\Roaming\npm\node_modules\yarn\lib\cli.js:140890:22)
      at Request.emit (node:events:518:28)
      at Request.<anonymous> (C:\Users\tahsi\AppData\Roaming\npm\node_modules\yarn\lib\cli.js:141862:10)
      at Request.emit (node:events:518:28)
      at IncomingMessage.<anonymous> (C:\Users\tahsi\AppData\Roaming\npm\node_modules\yarn\lib\cli.js:141784:12)
      at Object.onceWrapper (node:events:632:28)
      at IncomingMessage.emit (node:events:530:35)
      at endReadableNT (node:internal/streams/readable:1696:12)
      at process.processTicksAndRejections (node:internal/process/task_queues:82:21)

npm manifest: 
  {
    "name": "express-assignment",
    "version": "1.0.0",
    "main": "src/server.js",
    "license": "MIT"
  }

yarn manifest: 
  No manifest

Lockfile: 
  No lockfile
